0 verbose cli /opt/homebrew/Cellar/node/21.7.1/bin/node /opt/homebrew/lib/node_modules/npm/bin/npm-cli.js
1 info using npm@10.5.0
2 info using node@v21.7.1
3 timing npm:load:whichnode Completed in 0ms
4 timing config:load:defaults Completed in 1ms
5 timing config:load:file:/opt/homebrew/lib/node_modules/npm/npmrc Completed in 1ms
6 timing config:load:builtin Completed in 1ms
7 timing config:load:cli Completed in 0ms
8 timing config:load:env Completed in 1ms
9 timing config:load:file:/Users/christopherconley/Desktop/Phase-5/Capstone/GamePods/.npmrc Completed in 0ms
10 timing config:load:project Completed in 1ms
11 timing config:load:file:/Users/christopherconley/.npmrc Completed in 0ms
12 timing config:load:user Completed in 0ms
13 timing config:load:file:/opt/homebrew/etc/npmrc Completed in 0ms
14 timing config:load:global Completed in 0ms
15 timing config:load:setEnvs Completed in 0ms
16 timing config:load Completed in 4ms
17 timing npm:load:configload Completed in 4ms
18 timing config:load:flatten Completed in 0ms
19 timing npm:load:mkdirpcache Completed in 0ms
20 timing npm:load:mkdirplogs Completed in 0ms
21 verbose title npm exec react-native run-android
22 verbose argv "exec" "--" "react-native" "run-android"
23 timing npm:load:setTitle Completed in 2ms
24 timing npm:load:display Completed in 0ms
25 verbose logfile logs-max:10 dir:/Users/christopherconley/Desktop/Phase-5/Capstone/GamePods/.npm/_logs/2024-04-18T17_52_37_679Z-
26 verbose logfile /Users/christopherconley/Desktop/Phase-5/Capstone/GamePods/.npm/_logs/2024-04-18T17_52_37_679Z-debug-0.log
27 timing npm:load:logFile Completed in 4ms
28 timing npm:load:timers Completed in 0ms
29 timing npm:load:configScope Completed in 0ms
30 timing npm:load Completed in 17ms
31 silly logfile done cleaning log files
32 http fetch GET 200 https://registry.npmjs.org/npm 156ms
33 timing command:exec Completed in 14612ms
34 notice
34 notice New [32mpatch[39m version of npm available! [31m10.5.0[39m -> [32m10.5.2[39m
34 notice Changelog: [36mhttps://github.com/npm/cli/releases/tag/v10.5.2[39m
34 notice Run [32mnpm install -g npm@10.5.2[39m to update!
34 notice
35 verbose exit 0
36 timing npm Completed in 14690ms
37 info ok
